#
# There is insufficient memory for the Java Runtime Environment to continue.
# Native memory allocation (mmap) failed to map 264241152 bytes for G1 virtual space
# Possible reasons:
#   The system is out of physical RAM or swap space
#   The process is running with CompressedOops enabled, and the Java Heap may be blocking the growth of the native heap
# Possible solutions:
#   Reduce memory load on the system
#   Increase physical memory or swap space
#   Check if swap backing store is full
#   Decrease Java heap size (-Xmx/-Xms)
#   Decrease number of Java threads
#   Decrease Java thread stack sizes (-Xss)
#   Set larger code cache with -XX:ReservedCodeCacheSize=
#   JVM is running with Zero Based Compressed Oops mode in which the Java heap is
#     placed in the first 32GB address space. The Java Heap base address is the
#     maximum limit for the native heap growth. Please use -XX:HeapBaseMinAddress
#     to set the Java Heap base and to place the Java Heap above 32GB virtual address.
# This output file may be truncated or incomplete.
#
#  Out of Memory Error (os_windows.cpp:3600), pid=12508, tid=7756
#
# JRE version:  (21.0.2+13) (build )
# Java VM: Java HotSpot(TM) 64-Bit Server VM (21.0.2+13-LTS-58, mixed mode, sharing, tiered, compressed oops, compressed class ptrs, g1 gc, windows-amd64)
# No core dump will be written. Minidumps are not enabled by default on client versions of Windows
#

---------------  S U M M A R Y ------------

Command Line: -Dnet.bytebuddy.agent.attacher.dump= net.bytebuddy.agent.Attacher com.sun.tools.attach.VirtualMachine 17344 C:\Users\moham\.m2\repository\net\bytebuddy\byte-buddy-agent\1.14.19\byte-buddy-agent-1.14.19.jar false 

Host: 11th Gen Intel(R) Core(TM) i5-1135G7 @ 2.40GHz, 8 cores, 15G,  Windows 11 , 64 bit Build 26100 (10.0.26100.5074)
Time: Mon Oct 20 02:06:54 2025 W. Central Africa Standard Time elapsed time: 2.191903 seconds (0d 0h 0m 2s)

---------------  T H R E A D  ---------------

Current thread (0x0000014ba82a9880):  JavaThread "Unknown thread" [_thread_in_vm, id=7756, stack(0x0000003265800000,0x0000003265900000) (1024K)]

Stack: [0x0000003265800000,0x0000003265900000]
Native frames: (J=compiled Java code, j=interpreted, Vv=VM code, C=native code)
V  [jvm.dll+0x6cade9]
V  [jvm.dll+0x8569c1]
V  [jvm.dll+0x858d2e]
V  [jvm.dll+0x859413]
V  [jvm.dll+0x280e56]
V  [jvm.dll+0x6c74d5]
V  [jvm.dll+0x6bbeca]
V  [jvm.dll+0x355bca]
V  [jvm.dll+0x35d816]
V  [jvm.dll+0x3ae67e]
V  [jvm.dll+0x3ae928]
V  [jvm.dll+0x3295dc]
V  [jvm.dll+0x32a16b]
V  [jvm.dll+0x81efa9]
V  [jvm.dll+0x3bba01]
V  [jvm.dll+0x807928]
V  [jvm.dll+0x44f50e]
V  [jvm.dll+0x450e11]
C  [jli.dll+0x52a3]
C  [ucrtbase.dll+0x37b0]
C  [KERNEL32.DLL+0x2e8d7]
C  [ntdll.dll+0x8d9c]


---------------  P R O C E S S  ---------------

Threads class SMR info:
_java_thread_list=0x00007ffe69f5bb88, length=0, elements={
}

Java Threads: ( => current thread )
Total: 0

Other Threads:
  0x0000014ba8309a00 WorkerThread "GC Thread#0"                     [id=6608, stack(0x0000003265900000,0x0000003265a00000) (1024K)]
  0x0000014ba831c3b0 ConcurrentGCThread "G1 Main Marker"            [id=5264, stack(0x0000003265a00000,0x0000003265b00000) (1024K)]
  0x0000014ba831d650 WorkerThread "G1 Conc#0"                       [id=18900, stack(0x0000003265b00000,0x0000003265c00000) (1024K)]

[error occurred during error reporting (printing all threads), id 0xc0000005, EXCEPTION_ACCESS_VIOLATION (0xc0000005) at pc=0x00007ffe696cc6a7]
VM state: not at safepoint (not fully initialized)

VM Mutex/Monitor currently owned by a thread:  ([mutex/lock_event])
[0x00007ffe69fcce68] Heap_lock - owner thread: 0x0000014ba82a9880

Heap address: 0x0000000704c00000, size: 4020 MB, Compressed Oops mode: Zero based, Oop shift amount: 3

CDS archive(s) mapped at: [0x0000000000000000-0x0000000000000000-0x0000000000000000), size 0, SharedBaseAddress: 0x0000000800000000, ArchiveRelocationMode: 1.
Narrow klass base: 0x0000000000000000, Narrow klass shift: 0, Narrow klass range: 0x0

GC Precious Log:
 CardTable entry size: 512
 Card Set container configuration: InlinePtr #cards 4 size 8 Array Of Cards #cards 16 size 48 Howl #buckets 8 coarsen threshold 3686 Howl Bitmap #cards 512 size 80 coarsen threshold 460 Card regions per heap region 1 cards per card region 4096

Heap:
 garbage-first heap   total 0K, used 0K [0x0000000704c00000, 0x0000000800000000)
  region size 2048K, 0 young (0K), 0 survivors (0K)

[error occurred during error reporting (printing heap information), id 0xc0000005, EXCEPTION_ACCESS_VIOLATION (0xc0000005) at pc=0x00007ffe69ab39f9]
GC Heap History (0 events):
No events

Dll operation events (1 events):
Event: 0.012 Loaded shared library C:\Program Files\Java\jdk-21\bin\java.dll

Deoptimization events (0 events):
No events

Classes loaded (0 events):
No events

Classes unloaded (0 events):
No events

Classes redefined (0 events):
No events

Internal exceptions (0 events):
No events

ZGC Phase Switch (0 events):
No events

VM Operations (0 events):
No events

Events (0 events):
No events


Dynamic libraries:
0x00007ff7a18d0000 - 0x00007ff7a18e0000 	C:\Program Files\Java\jdk-21\bin\java.exe
0x00007fff1b6e0000 - 0x00007fff1b949000 	C:\WINDOWS\SYSTEM32\ntdll.dll
0x00007fff1ab40000 - 0x00007fff1ac09000 	C:\WINDOWS\System32\KERNEL32.DLL
0x00007fff18e80000 - 0x00007fff19273000 	C:\WINDOWS\System32\KERNELBASE.dll
0x00007fff19280000 - 0x00007fff193cb000 	C:\WINDOWS\System32\ucrtbase.dll
0x00007ffee3120000 - 0x00007ffee313b000 	C:\Program Files\Java\jdk-21\bin\VCRUNTIME140.dll
0x00007ffefd300000 - 0x00007ffefd319000 	C:\Program Files\Java\jdk-21\bin\jli.dll
0x00007fff1b510000 - 0x00007fff1b5c4000 	C:\WINDOWS\System32\ADVAPI32.dll
0x00007fff1a360000 - 0x00007fff1a409000 	C:\WINDOWS\System32\msvcrt.dll
0x00007fff1a9b0000 - 0x00007fff1aa56000 	C:\WINDOWS\System32\sechost.dll
0x00007fff1b380000 - 0x00007fff1b498000 	C:\WINDOWS\System32\RPCRT4.dll
0x00007fff1ac50000 - 0x00007fff1ae14000 	C:\WINDOWS\System32\USER32.dll
0x00007fff19480000 - 0x00007fff194a7000 	C:\WINDOWS\System32\win32u.dll
0x00007fff1ac20000 - 0x00007fff1ac4b000 	C:\WINDOWS\System32\GDI32.dll
0x00007ffefb110000 - 0x00007ffefb3a3000 	C:\WINDOWS\WinSxS\amd64_microsoft.windows.common-controls_6595b64144ccf1df_6.0.26100.5074_none_3e0d6f78e32fd63f\COMCTL32.dll
0x00007fff18900000 - 0x00007fff18a2d000 	C:\WINDOWS\System32\gdi32full.dll
0x00007fff193d0000 - 0x00007fff19473000 	C:\WINDOWS\System32\msvcp_win.dll
0x00007fff10ec0000 - 0x00007fff10ecb000 	C:\WINDOWS\SYSTEM32\VERSION.dll
0x00007fff1ae70000 - 0x00007fff1ae9f000 	C:\WINDOWS\System32\IMM32.DLL
0x00007ffefde20000 - 0x00007ffefde2c000 	C:\Program Files\Java\jdk-21\bin\vcruntime140_1.dll
0x00007ffede740000 - 0x00007ffede7ce000 	C:\Program Files\Java\jdk-21\bin\msvcp140.dll
0x00007ffe69390000 - 0x00007ffe6a0a7000 	C:\Program Files\Java\jdk-21\bin\server\jvm.dll
0x00007fff1b010000 - 0x00007fff1b084000 	C:\WINDOWS\System32\WS2_32.dll
0x00007fff186d0000 - 0x00007fff1872e000 	C:\WINDOWS\SYSTEM32\POWRPROF.dll
0x00007ffefec80000 - 0x00007ffefecb5000 	C:\WINDOWS\SYSTEM32\WINMM.dll
0x00007fff186b0000 - 0x00007fff186c4000 	C:\WINDOWS\SYSTEM32\UMPDC.dll
0x00007fff17630000 - 0x00007fff1764b000 	C:\WINDOWS\SYSTEM32\kernel.appcore.dll
0x00007ffefddd0000 - 0x00007ffefddda000 	C:\Program Files\Java\jdk-21\bin\jimage.dll
0x00007fff16140000 - 0x00007fff16382000 	C:\WINDOWS\SYSTEM32\DBGHELP.DLL
0x00007fff1a590000 - 0x00007fff1a90b000 	C:\WINDOWS\System32\combase.dll
0x00007fff1aa60000 - 0x00007fff1ab37000 	C:\WINDOWS\System32\OLEAUT32.dll
0x00007ffefa230000 - 0x00007ffefa26d000 	C:\WINDOWS\SYSTEM32\dbgcore.DLL
0x00007fff18d20000 - 0x00007fff18db9000 	C:\WINDOWS\System32\bcryptPrimitives.dll
0x00007ffee0f80000 - 0x00007ffee0f9f000 	C:\Program Files\Java\jdk-21\bin\java.dll

dbghelp: loaded successfully - version: 4.0.5 - missing functions: none
symbol engine: initialized successfully - sym options: 0x614 - pdb path: .;C:\Program Files\Java\jdk-21\bin;C:\WINDOWS\SYSTEM32;C:\WINDOWS\WinSxS\amd64_microsoft.windows.common-controls_6595b64144ccf1df_6.0.26100.5074_none_3e0d6f78e32fd63f;C:\Program Files\Java\jdk-21\bin\server

VM Arguments:
jvm_args: -Dnet.bytebuddy.agent.attacher.dump= 
java_command: net.bytebuddy.agent.Attacher com.sun.tools.attach.VirtualMachine 17344 C:\Users\moham\.m2\repository\net\bytebuddy\byte-buddy-agent\1.14.19\byte-buddy-agent-1.14.19.jar false 
java_class_path (initial): C:\Users\moham\.m2\repository\net\bytebuddy\byte-buddy-agent\1.14.19\byte-buddy-agent-1.14.19.jar
Launcher Type: SUN_STANDARD

[Global flags]
     intx CICompilerCount                          = 4                                         {product} {ergonomic}
     uint ConcGCThreads                            = 2                                         {product} {ergonomic}
     uint G1ConcRefinementThreads                  = 8                                         {product} {ergonomic}
   size_t G1HeapRegionSize                         = 2097152                                   {product} {ergonomic}
    uintx GCDrainStackTargetSize                   = 64                                        {product} {ergonomic}
   size_t InitialHeapSize                          = 264241152                                 {product} {ergonomic}
   size_t MarkStackSize                            = 4194304                                   {product} {ergonomic}
   size_t MaxHeapSize                              = 4215275520                                {product} {ergonomic}
   size_t MinHeapDeltaBytes                        = 2097152                                   {product} {ergonomic}
   size_t MinHeapSize                              = 8388608                                   {product} {ergonomic}
    uintx NonNMethodCodeHeapSize                   = 5839372                                {pd product} {ergonomic}
    uintx NonProfiledCodeHeapSize                  = 122909434                              {pd product} {ergonomic}
    uintx ProfiledCodeHeapSize                     = 122909434                              {pd product} {ergonomic}
    uintx ReservedCodeCacheSize                    = 251658240                              {pd product} {ergonomic}
     bool SegmentedCodeCache                       = true                                      {product} {ergonomic}
   size_t SoftMaxHeapSize                          = 4215275520                             {manageable} {ergonomic}
     bool UseCompressedOops                        = true                           {product lp64_product} {ergonomic}
     bool UseG1GC                                  = true                                      {product} {ergonomic}
     bool UseLargePagesIndividualAllocation        = false                                  {pd product} {ergonomic}

Logging:
Log output configuration:
 #0: stdout all=warning uptime,level,tags foldmultilines=false
 #1: stderr all=off uptime,level,tags foldmultilines=false

Environment Variables:
PATH=C:\Program Files\Common Files\Oracle\Java\javapath;C:\WINDOWS\system32;C:\WINDOWS;C:\WINDOWS\System32\Wbem;C:\WINDOWS\System32\WindowsPowerShell\v1.0\;C:\WINDOWS\System32\OpenSSH\;C:\ProgramData\chocolatey\bin;C:\Program Files\nodejs\;C:\Program Files\Git\cmd;C:\Users\moham\Downloads\apache-maven-3.9.9-bin\apache-maven-3.9.9\bin;C:\Program Files\dotnet\;C:\xampp\php;C:\Program Files\Vagrant\bin;C:\Users\moham\AppData\Local\Programs\Python\Python310\Scripts\;C:\Users\moham\AppData\Local\Programs\Python\Python310\;C:\Users\moham\scoop\shims;C:\Users\moham\AppData\Local\Microsoft\WindowsApps;C:\Program Files\JetBrains\IntelliJ IDEA 2023.2.2\bin;;C:\Users\moham\AppData\Roaming\npm;C:\Users\moham\AppData\Local\Programs\Microsoft VS Code\bin;D:\flutter\bin;C:\Users\moham\AppData\Local\Android\Sdk\emulator;C:\Users\moham\AppData\Local\Android\Sdk\platform-tools;
USERNAME=moham
OS=Windows_NT
PROCESSOR_IDENTIFIER=Intel64 Family 6 Model 140 Stepping 1, GenuineIntel
TMP=C:\Users\moham\AppData\Local\Temp
TEMP=C:\Users\moham\AppData\Local\Temp




Periodic native trim disabled

---------------  S Y S T E M  ---------------

OS:
 Windows 11 , 64 bit Build 26100 (10.0.26100.5074)
OS uptime: 2 days 11:17 hours
Hyper-V role detected

CPU: total 8 (initial active 8) (4 cores per cpu, 2 threads per core) family 6 model 140 stepping 1 microcode 0x86, cx8, cmov, fxsr, ht, mmx, 3dnowpref, sse, sse2, sse3, ssse3, sse4.1, sse4.2, popcnt, lzcnt, tsc, tscinvbit, avx, avx2, aes, erms, clmul, bmi1, bmi2, adx, avx512f, avx512dq, avx512cd, avx512bw, avx512vl, sha, fma, vzeroupper, avx512_vpopcntdq, avx512_vpclmulqdq, avx512_vaes, avx512_vnni, clflush, clflushopt, clwb, avx512_vbmi2, avx512_vbmi, hv, rdtscp, rdpid, fsrm, gfni, avx512_bitalg, f16c, cet_ibt, cet_ss, avx512_ifma
Processor Information for all 8 processors :
  Max Mhz: 2419, Current Mhz: 2419, Mhz Limit: 2419

Memory: 4k page, system-wide physical 16078M (2099M free)
TotalPageFile size 25664M (AvailPageFile size 106M)
current process WorkingSet (physical memory assigned to process): 12M, peak: 12M
current process commit charge ("private bytes"): 60M, peak: 312M

vm_info: Java HotSpot(TM) 64-Bit Server VM (21.0.2+13-LTS-58) for windows-amd64 JRE (21.0.2+13-LTS-58), built on 2024-01-05T18:32:24Z by "mach5one" with MS VC++ 17.1 (VS2022)

END.
